<?xml version="1.0" encoding="UTF-8"?>
<testsuite name="com.bmcl.numbers.ListAggregatorTest" tests="2" skipped="0" failures="0" errors="0" timestamp="2023-10-18T15:46:44" hostname="DARIOPC" time="0.034">
  <properties/>
  <testcase name="max_bug_8726()" classname="com.bmcl.numbers.ListAggregatorTest" time="0.033"/>
  <testcase name="distinct()" classname="com.bmcl.numbers.ListAggregatorTest" time="0.0"/>
  <system-out><![CDATA[]]></system-out>
  <system-err><![CDATA[]]></system-err>
</testsuite>
