<?xml version="1.0" encoding="UTF-8"?>
<testsuite name="com.bmcl.numbers.ListSorterTest" tests="1" skipped="0" failures="0" errors="0" timestamp="2023-10-18T15:46:45" hostname="DARIOPC" time="0.001">
  <properties/>
  <testcase name="sort()" classname="com.bmcl.numbers.ListSorterTest" time="0.001"/>
  <system-out><![CDATA[]]></system-out>
  <system-err><![CDATA[]]></system-err>
</testsuite>
